<?xml version="1.0" encoding="UTF-8"?>
<!-- Generated by org.testng.reporters.JUnitReportReporter -->
<testsuite hostname="DESKTOP-62C5BVK" failures="0" tests="6" name="pack123.Test123" time="142.660" errors="0" timestamp="2022-03-10T18:24:12 IST" skipped="0">
  <testcase classname="pack123.Test123" name="verifyReportTab" time="28.305"/>
  <system-out/>
  <testcase classname="pack123.Test123" name="verifyUserTab" time="16.124"/>
  <system-out/>
  <testcase classname="pack123.Test123" name="verifyUserTab" time="32.835"/>
  <system-out/>
  <testcase classname="pack123.Test123" name="verifyReportTab" time="21.346"/>
  <system-out/>
  <testcase classname="pack123.Test123" name="verifyReportTab" time="35.724"/>
  <system-out/>
  <testcase classname="pack123.Test123" name="verifyUserTab" time="8.326"/>
  <system-out/>
</testsuite> <!-- pack123.Test123 -->
