<?xml version="1.0" encoding="UTF-8"?>
<!-- Generated by org.testng.reporters.JUnitReportReporter -->
<testsuite hostname="DESKTOP-62C5BVK" failures="0" tests="3" name="pack123.Test456" time="94.422" errors="0" timestamp="2022-03-10T18:28:49 IST" skipped="0">
  <testcase classname="pack123.Test456" name="verifyCreateUser" time="32.874"/>
  <system-out/>
  <testcase classname="pack123.Test456" name="verifyCreateUser" time="27.788"/>
  <system-out/>
  <testcase classname="pack123.Test456" name="verifyCreateUser" time="33.760"/>
  <system-out/>
</testsuite> <!-- pack123.Test456 -->
